<?xml version="1.0" encoding="UTF-8"?>
<!-- Generated by org.testng.reporters.JUnitXMLReporter -->
<testsuite ignored="0" hostname="DESKTOP-4L121G8" failures="1" tests="3" name="submitordertest" time="25.043" errors="0" timestamp="2024-09-26T12:14:04 IST">
  <testcase classname="rahulshetty.Test.standalonetest2" name="submitorder" time="5.841"/>
  <testcase classname="rahulshetty.Test.standalonetest2" name="submitorder" time="4.131">
    <failure type="java.lang.AssertionError" message="expected [true] but found [false]">
      <![CDATA[java.lang.AssertionError: expected [true] but found [false]
at rahulshetty.Test.standalonetest2.submitorder(standalonetest2.java:46)
at java.base/java.util.ArrayList.forEach(ArrayList.java:1511)
at java.base/java.util.concurrent.FutureTask.run(FutureTask.java:264)
at java.base/java.util.concurrent.ThreadPoolExecutor.runWorker(ThreadPoolExecutor.java:1136)
at java.base/java.util.concurrent.ThreadPoolExecutor$Worker.run(ThreadPoolExecutor.java:635)
at java.base/java.lang.Thread.run(Thread.java:833)
... Removed 21 stack frames]]>
    </failure>
  </testcase> <!-- submitorder -->
  <testcase classname="rahulshetty.Test.standalonetest2" name="orderhistorytest" time="0.0">
    <skipped/>
  </testcase> <!-- orderhistorytest -->
</testsuite> <!-- submitordertest -->
