<!DOCTYPE html PUBLIC "-//W3C//DTD XHTML 1.1//EN" "https://www.w3.org/TR/xhtml11/DTD/xhtml11.dtd">
<html xmlns="https://www.w3.org/1999/xhtml">
<head>
<meta http-equiv="content-type" content="text/html; charset=UTF-8"/>
<title>TestNG Report</title>
<style type="text/css">table {margin-bottom:10px;border-collapse:collapse;empty-cells:show}th,td {border:1px solid #009;padding:.25em .5em}th {vertical-align:bottom}td {vertical-align:top}table a {font-weight:bold}.stripe td {background-color: #E6EBF9}.num {text-align:right}.passedodd td {background-color: #3F3}.passedeven td {background-color: #0A0}.skippedodd td {background-color: #DDD}.skippedeven td {background-color: #CCC}.failedodd td,.attn {background-color: #F33}.failedeven td,.stripe .attn {background-color: #D00}.stacktrace {white-space:pre;font-family:monospace}.totop {font-size:85%;text-align:center;border-bottom:2px solid #000}.invisible {display:none}</style>
</head>
<body>
<table>
<tr><th>Test</th><th># Passed</th><th># Skipped</th><th># Retried</th><th># Failed</th><th>Time (ms)</th><th>Included Groups</th><th>Excluded Groups</th></tr>
<tr><th colspan="8">Suite</th></tr>
<tr><td><a href="#t0">submitordertest</a></td><td class="num">1</td><td class="num attn">1</td><td class="num">0</td><td class="num attn">1</td><td class="num">25,043</td><td></td><td></td></tr>
<tr class="stripe"><td><a href="#t1">errorvalidationtest</a></td><td class="num">1</td><td class="num">0</td><td class="num attn">1</td><td class="num attn">1</td><td class="num">27,572</td><td></td><td></td></tr>
<tr><th>Total</th><th class="num">2</th><th class="num attn">1</th><th class="num attn">1</th><th class="num attn">2</th><th class="num">52,615</th><th colspan="2"></th></tr>
</table>
<table id='summary'><thead><tr><th>Class</th><th>Method</th><th>Start</th><th>Time (ms)</th></tr></thead><tbody><tr><th colspan="4">Suite</th></tr></tbody><tbody id="t0"><tr><th colspan="4">submitordertest &#8212; failed</th></tr><tr class="failedeven"><td rowspan="1">rahulshetty.Test.standalonetest2</td><td><a href="#m0">submitorder</a></td><td rowspan="1">1727333039707</td><td rowspan="1">4131</td></tr><tr><th colspan="4">submitordertest &#8212; skipped</th></tr><tr class="skippedeven"><td rowspan="1">rahulshetty.Test.standalonetest2</td><td><a href="#m1">orderhistorytest</a></td><td rowspan="1">1727333044137</td><td rowspan="1">0</td></tr><tr><th colspan="4">submitordertest &#8212; passed</th></tr><tr class="passedeven"><td rowspan="1">rahulshetty.Test.standalonetest2</td><td><a href="#m2">submitorder</a></td><td rowspan="1">1727333029873</td><td rowspan="1">5841</td></tr></tbody>
<tbody id="t1"><tr><th colspan="4">errorvalidationtest &#8212; failed</th></tr><tr class="failedeven"><td rowspan="1">rahulshetty.Test.errorvalidation</td><td><a href="#m3">loginerrormsg</a></td><td rowspan="1">1727333035321</td><td rowspan="1">1340</td></tr><tr><th colspan="4">errorvalidationtest &#8212; retried</th></tr><tr class="retriedeven"><td rowspan="1">rahulshetty.Test.errorvalidation</td><td><a href="#m4">loginerrormsg</a></td><td rowspan="1">1727333030192</td><td rowspan="1">602</td></tr><tr><th colspan="4">errorvalidationtest &#8212; passed</th></tr><tr class="passedeven"><td rowspan="1">rahulshetty.Test.errorvalidation</td><td><a href="#m5">producterrorvalidation</a></td><td rowspan="1">1727333041976</td><td rowspan="1">4390</td></tr></tbody>
</table>
<h2>submitordertest</h2><h3 id="m0">rahulshetty.Test.standalonetest2#submitorder</h3><table class="result"><tr class="param"><th>Parameter #1</th></tr><tr class="param stripe"><td>{password=Dennys@123, product=ADIDAS ORIGINAL, email=kalli@gmail.com}</td></tr><tr><th>Exception</th></tr><tr><td><div class="stacktrace">java.lang.AssertionError: expected [true] but found [false]
	at rahulshetty.Test.standalonetest2.submitorder(standalonetest2.java:46)
	at java.base/java.util.ArrayList.forEach(ArrayList.java:1511)
	at java.base/java.util.concurrent.FutureTask.run(FutureTask.java:264)
	at java.base/java.util.concurrent.ThreadPoolExecutor.runWorker(ThreadPoolExecutor.java:1136)
	at java.base/java.util.concurrent.ThreadPoolExecutor$Worker.run(ThreadPoolExecutor.java:635)
	at java.base/java.lang.Thread.run(Thread.java:833)
... Removed 21 stack frames</div></td></tr></table><p class="totop"><a href="#summary">back to summary</a></p>
<h3 id="m1">rahulshetty.Test.standalonetest2#orderhistorytest</h3><table class="result"><tr><th>Exception</th></tr><tr><td><div class="stacktrace">java.lang.Throwable: Method rahulshetty.Test.standalonetest2.orderhistorytest() on instance rahulshetty.Test.standalonetest2@3a4621bd depends on not successfully finished methods 
[rahulshetty.Test.standalonetest2.submitorder() on instance rahulshetty.Test.standalonetest2@3a4621bd]
	at java.base/java.util.ArrayList.forEach(ArrayList.java:1511)
	at java.base/java.util.concurrent.FutureTask.run(FutureTask.java:264)
	at java.base/java.util.concurrent.ThreadPoolExecutor.runWorker(ThreadPoolExecutor.java:1136)
	at java.base/java.util.concurrent.ThreadPoolExecutor$Worker.run(ThreadPoolExecutor.java:635)
	at java.base/java.lang.Thread.run(Thread.java:833)
... Removed 8 stack frames</div></td></tr></table><p class="totop"><a href="#summary">back to summary</a></p>
<h3 id="m2">rahulshetty.Test.standalonetest2#submitorder</h3><table class="result"><tr class="param"><th>Parameter #1</th></tr><tr class="param stripe"><td>{password=Dennys@123, product=ZARA COAT 3, email=kalla@gmail.com}</td></tr></table><p class="totop"><a href="#summary">back to summary</a></p>
<h2>errorvalidationtest</h2><h3 id="m3">rahulshetty.Test.errorvalidation#loginerrormsg</h3><table class="result"><tr><th>Exception</th></tr><tr><td><div class="stacktrace">java.lang.AssertionError: expected [Incorrect email  password.] but found [Incorrect email or password.]
	at rahulshetty.Test.errorvalidation.loginerrormsg(errorvalidation.java:35)
	at java.base/java.util.ArrayList.forEach(ArrayList.java:1511)
	at java.base/java.util.concurrent.FutureTask.run(FutureTask.java:264)
	at java.base/java.util.concurrent.ThreadPoolExecutor.runWorker(ThreadPoolExecutor.java:1136)
	at java.base/java.util.concurrent.ThreadPoolExecutor$Worker.run(ThreadPoolExecutor.java:635)
	at java.base/java.lang.Thread.run(Thread.java:833)
... Removed 23 stack frames</div></td></tr></table><p class="totop"><a href="#summary">back to summary</a></p>
<h3 id="m4">rahulshetty.Test.errorvalidation#loginerrormsg</h3><table class="result"><tr><th>Exception</th></tr><tr><td><div class="stacktrace">java.lang.AssertionError: expected [Incorrect email  password.] but found [Incorrect email or password.]
	at rahulshetty.Test.errorvalidation.loginerrormsg(errorvalidation.java:35)
	at java.base/java.util.ArrayList.forEach(ArrayList.java:1511)
	at java.base/java.util.concurrent.FutureTask.run(FutureTask.java:264)
	at java.base/java.util.concurrent.ThreadPoolExecutor.runWorker(ThreadPoolExecutor.java:1136)
	at java.base/java.util.concurrent.ThreadPoolExecutor$Worker.run(ThreadPoolExecutor.java:635)
	at java.base/java.lang.Thread.run(Thread.java:833)
... Removed 23 stack frames</div></td></tr></table><p class="totop"><a href="#summary">back to summary</a></p>
<h3 id="m5">rahulshetty.Test.errorvalidation#producterrorvalidation</h3><table class="result"><tr><th class="invisible"/></tr></table><p class="totop"><a href="#summary">back to summary</a></p>
</body>
</html>
